0 info it worked if it ends with ok
1 verbose cli [ '/Users/jurgo.boemo/.nvm/versions/node/v5.9.1/bin/node',
1 verbose cli   '/Users/jurgo.boemo/.nvm/versions/node/v5.9.1/bin/npm',
1 verbose cli   'run',
1 verbose cli   'ex4' ]
2 info using npm@3.7.3
3 info using node@v5.9.1
4 verbose run-script [ 'preex4', 'ex4', 'postex4' ]
5 info lifecycle horese-koa@0.1.4~preex4: horese-koa@0.1.4
6 silly lifecycle horese-koa@0.1.4~preex4: no script for preex4, continuing
7 info lifecycle horese-koa@0.1.4~ex4: horese-koa@0.1.4
8 verbose lifecycle horese-koa@0.1.4~ex4: unsafe-perm in lifecycle true
9 verbose lifecycle horese-koa@0.1.4~ex4: PATH: /Users/jurgo.boemo/.nvm/versions/node/v5.9.1/lib/node_modules/npm/bin/node-gyp-bin:/Users/jurgo.boemo/WorkspacePhun/horese-koa/node_modules/.bin:/Users/jurgo.boemo/.nvm/versions/node/v5.9.1/bin:/Users/jurgo.boemo/.nvm/versions/node/v5.9.1/bin:/usr/local/opt/php56/bin:/opt/local/bin:/opt/local/sbin:/usr/local/heroku/bin:/usr/local/bin:/usr/bin:/bin:/usr/sbin:/sbin:/Library/TeX/texbin:/Users/jurgo.boemo/bin_wd:/Users/jurgo.boemo/bin:/usr/local/php5/bin
10 verbose lifecycle horese-koa@0.1.4~ex4: CWD: /Users/jurgo.boemo/WorkspacePhun/horese-koa
11 silly lifecycle horese-koa@0.1.4~ex4: Args: [ '-c',
11 silly lifecycle   'cd examples/4_isomorphism_with_prefetch; node server.js' ]
12 silly lifecycle horese-koa@0.1.4~ex4: Returned: code: 1  signal: null
13 info lifecycle horese-koa@0.1.4~ex4: Failed to exec ex4 script
14 verbose stack Error: horese-koa@0.1.4 ex4: `cd examples/4_isomorphism_with_prefetch; node server.js`
14 verbose stack Exit status 1
14 verbose stack     at EventEmitter.<anonymous> (/Users/jurgo.boemo/.nvm/versions/node/v5.9.1/lib/node_modules/npm/lib/utils/lifecycle.js:239:16)
14 verbose stack     at emitTwo (events.js:100:13)
14 verbose stack     at EventEmitter.emit (events.js:185:7)
14 verbose stack     at ChildProcess.<anonymous> (/Users/jurgo.boemo/.nvm/versions/node/v5.9.1/lib/node_modules/npm/lib/utils/spawn.js:24:14)
14 verbose stack     at emitTwo (events.js:100:13)
14 verbose stack     at ChildProcess.emit (events.js:185:7)
14 verbose stack     at maybeClose (internal/child_process.js:850:16)
14 verbose stack     at Process.ChildProcess._handle.onexit (internal/child_process.js:215:5)
15 verbose pkgid horese-koa@0.1.4
16 verbose cwd /Users/jurgo.boemo/WorkspacePhun/horese-koa/examples/4_isomorphism_with_prefetch
17 error Darwin 14.5.0
18 error argv "/Users/jurgo.boemo/.nvm/versions/node/v5.9.1/bin/node" "/Users/jurgo.boemo/.nvm/versions/node/v5.9.1/bin/npm" "run" "ex4"
19 error node v5.9.1
20 error npm  v3.7.3
21 error code ELIFECYCLE
22 error horese-koa@0.1.4 ex4: `cd examples/4_isomorphism_with_prefetch; node server.js`
22 error Exit status 1
23 error Failed at the horese-koa@0.1.4 ex4 script 'cd examples/4_isomorphism_with_prefetch; node server.js'.
23 error Make sure you have the latest version of node.js and npm installed.
23 error If you do, this is most likely a problem with the horese-koa package,
23 error not with npm itself.
23 error Tell the author that this fails on your system:
23 error     cd examples/4_isomorphism_with_prefetch; node server.js
23 error You can get information on how to open an issue for this project with:
23 error     npm bugs horese-koa
23 error Or if that isn't available, you can get their info via:
23 error     npm owner ls horese-koa
23 error There is likely additional logging output above.
24 verbose exit [ 1, true ]
